2019-03-24 00:44:43: [object Object] input
2019-03-24 00:44:43: {}object created for input
2019-03-24 00:44:43: New User undefined Added Successfully
2019-03-24 00:45:12: App Listening
2019-03-24 00:45:39: App Listening
2019-03-24 00:46:08: App Listening
2019-03-24 00:46:13: undefined input
2019-03-24 00:46:13: {}object created for input
2019-03-24 00:46:13: New User undefined Added Successfully
2019-03-24 12:15:34: App Listening
2019-03-24 12:15:45: App Listening
2019-03-24 12:16:03: RPA input
2019-03-24 12:16:03: {"username":"RPA","email":"kashyap1049@gmail.com","number":8886861616}object created for input
2019-03-24 12:16:03: New User RPA Added Successfully
2019-03-24 12:19:53: RPA input
2019-03-24 12:19:53: {"username":"RPA","email":"kashyap1049@gmail.com","number":8886861616}object created for input
2019-03-24 12:19:53: New User RPA Added Successfully
2019-03-24 12:21:11: App Listening
2019-03-24 12:21:28: RPA input
2019-03-24 12:21:28: {"username":"RPA","email":"kashyap1049@gmail.com","number":8886861616}object created for input
2019-03-24 12:21:28: New User RPA Added Successfully
2019-03-24 12:23:15: Arun Kashyap input
2019-03-24 12:23:15: {"username":"Arun Kashyap","email":"kashyap1048@gmail.com","number":8886861616}object created for input
2019-03-24 12:23:15: New User Arun Kashyap Added Successfully
2019-03-24 12:40:12: Email Sent to kashyap1049@gmail.com Successfully
2019-03-24 12:42:37: App Listening
2019-03-24 12:42:53: Email Sent to kashyap1049@gmail.com Successfully
2019-03-24 12:46:26: App Listening
2019-03-24 12:47:04: App Listening
2019-03-24 12:47:24: Email Sent to kashyap1049@gmail.com Successfully
2019-03-24 12:47:43: App Listening
2019-03-24 12:52:10: App Listening
2019-03-24 12:53:40: App Listening
2019-03-24 12:53:58: App Listening
2019-03-24 12:54:52: RPA input
2019-03-24 12:54:52: {"username":"RPA","email":"kashyap1049@gmail.com","number":8886861616}object created for input
2019-03-24 12:54:52: New User RPA Added Successfully
2019-03-24 12:55:21: Email Sent to kashyap1049@gmail.com Successfully
